PLINK v2.0.0-a.6.9LM 64-bit Intel (29 Jan 2025)
Options in effect:
  --allow-extra-chr
  --bad-freqs
  --double-id
  --out ./AFO-reference.highQ.filtered.keep
  --pca 8
  --set-missing-var-ids @:#
  --vcf ../ipyrad/AFO-reference_outfiles/AFO-reference.highQ.filtered.keep.vcf.gz

Hostname: p2-log-1
Working directory: /scratchdata1/users/a1235304/atm/results/plink
Start time: Thu May  8 13:55:33 2025

Random number seed: 1746678333
257198 MiB RAM detected, ~124010 available; reserving 123946 MiB for main
workspace.
Using up to 72 threads (change this with --threads).
--vcf: 6249 variants scanned.
--vcf: ./AFO-reference.highQ.filtered.keep-temporary.pgen +
./AFO-reference.highQ.filtered.keep-temporary.pvar.zst +
./AFO-reference.highQ.filtered.keep-temporary.psam written.
8 samples (0 females, 0 males, 8 ambiguous; 8 founders) loaded from
./AFO-reference.highQ.filtered.keep-temporary.psam.
Note: 155 nonstandard chromosome codes present.
6249 variants loaded from
./AFO-reference.highQ.filtered.keep-temporary.pvar.zst.
Note: No phenotype data present.
Calculating allele frequencies... done.
Constructing GRM: done.
Correcting for missingness... done.
Extracting eigenvalues and eigenvectors... done.
--pca: Eigenvectors written to ./AFO-reference.highQ.filtered.keep.eigenvec ,
and eigenvalues written to ./AFO-reference.highQ.filtered.keep.eigenval .

End time: Thu May  8 13:55:33 2025
